<?xml version="1.0" encoding="UTF-8"?>
<!-- Generated by org.testng.reporters.JUnitXMLReporter -->
<testsuite ignored="9" hostname="LTIN188511" failures="0" tests="1" name="Default test" time="0.198" errors="0" timestamp="2024-03-06T12:05:16 IST">
  <testcase classname="testBase.BaseClass" name="@BeforeTest setup" time="-1.709706916082E9">
    <failure type="org.testng.TestNGException" message="
Parameter &amp;apos;os&amp;apos; is required by BeforeTest on method setup but has not been marked @Optional or defined
in C:\Users\2304110\AppData\Local\Temp\2\testng-eclipse--1602836612\testng-customsuite.xml">
      <![CDATA[org.testng.TestNGException: 
Parameter 'os' is required by BeforeTest on method setup but has not been marked @Optional or defined
in C:\Users\2304110\AppData\Local\Temp\2\testng-eclipse--1602836612\testng-customsuite.xml
at org.testng.internal.Parameters.createParams(Parameters.java:267)
at org.testng.internal.Parameters.createParametersForMethod(Parameters.java:355)
at org.testng.internal.Parameters.createParameters(Parameters.java:693)
at org.testng.internal.Parameters.createConfigurationParameters(Parameters.java:166)
at org.testng.internal.invokers.ConfigInvoker.invokeConfigurations(ConfigInvoker.java:306)
at org.testng.TestRunner.invokeTestConfigurations(TestRunner.java:661)
at org.testng.TestRunner.beforeRun(TestRunner.java:650)
at org.testng.TestRunner.run(TestRunner.java:612)
at org.testng.SuiteRunner.runTest(SuiteRunner.java:443)
at org.testng.SuiteRunner.runSequentially(SuiteRunner.java:437)
at org.testng.SuiteRunner.privateRun(SuiteRunner.java:397)
at org.testng.SuiteRunner.run(SuiteRunner.java:336)
at org.testng.SuiteRunnerWorker.runSuite(SuiteRunnerWorker.java:52)
at org.testng.SuiteRunnerWorker.run(SuiteRunnerWorker.java:95)
at org.testng.TestNG.runSuitesSequentially(TestNG.java:1301)
at org.testng.TestNG.runSuitesLocally(TestNG.java:1228)
at org.testng.TestNG.runSuites(TestNG.java:1134)
at org.testng.TestNG.run(TestNG.java:1101)
at org.testng.remote.AbstractRemoteTestNG.run(AbstractRemoteTestNG.java:115)
at org.testng.remote.RemoteTestNG.initAndRun(RemoteTestNG.java:251)
at org.testng.remote.RemoteTestNG.main(RemoteTestNG.java:77)
]]>
    </failure>
  </testcase> <!-- @BeforeTest setup -->
  <testcase classname="testBase.BaseClass" name="@AfterTest tearDown" time="0.0">
    <skipped/>
  </testcase> <!-- @AfterTest tearDown -->
  <testcase classname="testCases.TC001" name="detectCurrentLocation" time="0.001">
    <skipped/>
  </testcase> <!-- detectCurrentLocation -->
  <testcase classname="testCases.TC001" name="extractDetails" time="0.0">
    <ignored/>
  </testcase> <!-- extractDetails -->
  <testcase classname="testCases.TC001" name="sortingByRating" time="0.0">
    <ignored/>
  </testcase> <!-- sortingByRating -->
  <testcase classname="testCases.TC001" name="searchCategory" time="0.0">
    <ignored/>
  </testcase> <!-- searchCategory -->
  <testcase classname="testCases.TC001" name="filterRating" time="0.0">
    <ignored/>
  </testcase> <!-- filterRating -->
  <testcase classname="testCases.TC001" name="verifyWhetherOnHomePage" time="0.0">
    <ignored/>
  </testcase> <!-- verifyWhetherOnHomePage -->
  <testcase classname="testCases.TC001" name="clickSearch" time="0.0">
    <ignored/>
  </testcase> <!-- clickSearch -->
  <testcase classname="testCases.TC001" name="clickLocationSearchBox" time="0.0">
    <ignored/>
  </testcase> <!-- clickLocationSearchBox -->
  <testcase classname="testCases.TC001" name="closePopUp" time="0.0">
    <ignored/>
  </testcase> <!-- closePopUp -->
  <testcase classname="testCases.TC001" name="clickTopRated" time="0.0">
    <ignored/>
  </testcase> <!-- clickTopRated -->
</testsuite> <!-- Default test -->
